Base path: 'C:/Program Files/Unity/Hub/Editor/2019.4.20f1/Editor/Data', plugins path 'C:/Program Files/Unity/Hub/Editor/2019.4.20f1/Editor/Data/PlaybackEngines'
Cmd: initializeCompiler
Cmd: preprocess
  insize=771 outsize=196 ok=1
Cmd: preprocess
  insize=771 outsize=196 ok=1
Cmd: preprocess
  insize=771 outsize=196 ok=1
Cmd: preprocess
  insize=771 outsize=196 ok=1
Cmd: preprocess
  insize=771 outsize=196 ok=1
Cmd: preprocess
  insize=771 outsize=196 ok=1
Cmd: preprocess
  insize=771 outsize=196 ok=1
Cmd: preprocess
  insize=771 outsize=196 ok=1
Cmd: preprocess
  insize=771 outsize=196 ok=1
Cmd: preprocess
  insize=771 outsize=196 ok=1
Cmd: preprocess
  insize=771 outsize=196 ok=1
Cmd: preprocess
  insize=771 outsize=196 ok=1
Cmd: preprocess
  insize=771 outsize=196 ok=1
Cmd: preprocess
  insize=771 outsize=196 ok=1
Cmd: preprocess
  insize=771 outsize=196 ok=1
Cmd: preprocess
  insize=771 outsize=196 ok=1
Cmd: preprocess
  insize=771 outsize=196 ok=1
Cmd: preprocess
  insize=771 outsize=196 ok=1
Cmd: preprocess
  insize=771 outsize=196 ok=1
Cmd: preprocess
  insize=56340 outsize=2355 ok=1
Cmd: preprocess
  insize=3397 outsize=463 ok=1
Cmd: preprocess
  insize=3704 outsize=466 ok=1
Cmd: preprocess
  insize=3674 outsize=461 ok=1
Cmd: preprocess
  insize=5793 outsize=468 ok=1
Cmd: preprocess
  insize=4235 outsize=471 ok=1
Cmd: preprocess
  insize=4442 outsize=466 ok=1
Cmd: preprocess
  insize=4244 outsize=471 ok=1
Cmd: preprocess
  insize=4451 outsize=466 ok=1
Cmd: preprocess
  insize=4708 outsize=463 ok=1
Cmd: preprocess
  insize=3387 outsize=471 ok=1
Cmd: preprocess
  insize=3834 outsize=463 ok=1
Cmd: preprocess
  insize=5930 outsize=467 ok=1
Cmd: preprocess
  insize=6157 outsize=461 ok=1
Cmd: preprocess
  insize=8477 outsize=467 ok=1

Quitting shader compiler process
